 ________________________________________________
< PLAY [Server für App-Deployment konfigurieren] >
 ------------------------------------------------
        \   ^__^
         \  (oo)\_______
            (__)\       )\/\
                ||----w |
                ||     ||

 ________________________
< TASK [Gathering Facts] >
 ------------------------
        \   ^__^
         \  (oo)\_______
            (__)\       )\/\
                ||----w |
                ||     ||

ok: [app_server_dev]
 ___________________
< TASK [Update apt] >
 -------------------
        \   ^__^
         \  (oo)\_______
            (__)\       )\/\
                ||----w |
                ||     ||

fatal: [app_server_dev]: FAILED! => {"changed": false, "msg": "Failed to lock apt for exclusive operation: Failed to lock directory /var/lib/apt/lists/: E:Could not get lock /var/lib/apt/lists/lock. It is held by process 1781 (python3)"}
 ____________
< PLAY RECAP >
 ------------
        \   ^__^
         \  (oo)\_______
            (__)\       )\/\
                ||----w |
                ||     ||

app_server_dev             : ok=1    changed=0    unreachable=0    failed=1    skipped=0    rescued=0    ignored=0   

