 ________________________________________________
< PLAY [Server für App-Deployment konfigurieren] >
 ------------------------------------------------
        \   ^__^
         \  (oo)\_______
            (__)\       )\/\
                ||----w |
                ||     ||

 ________________________
< TASK [Gathering Facts] >
 ------------------------
        \   ^__^
         \  (oo)\_______
            (__)\       )\/\
                ||----w |
                ||     ||

ok: [18.153.206.82]
 ___________________
< TASK [Update apt] >
 -------------------
        \   ^__^
         \  (oo)\_______
            (__)\       )\/\
                ||----w |
                ||     ||

changed: [18.153.206.82]
 ___________________________
< TASK [Nginx installieren] >
 ---------------------------
        \   ^__^
         \  (oo)\_______
            (__)\       )\/\
                ||----w |
                ||     ||

changed: [18.153.206.82]
 _____________________________________
< TASK [Nginx aktivieren und starten] >
 -------------------------------------
        \   ^__^
         \  (oo)\_______
            (__)\       )\/\
                ||----w |
                ||     ||

ok: [18.153.206.82]
 ____________________________________
< TASK [NodeJS und npm installieren] >
 ------------------------------------
        \   ^__^
         \  (oo)\_______
            (__)\       )\/\
                ||----w |
                ||     ||

changed: [18.153.206.82]
 _________________________
< TASK [PM2 installieren] >
 -------------------------
        \   ^__^
         \  (oo)\_______
            (__)\       )\/\
                ||----w |
                ||     ||

changed: [18.153.206.82]
 ___________________________________
< TASK [PM2 als Service einrichten] >
 -----------------------------------
        \   ^__^
         \  (oo)\_______
            (__)\       )\/\
                ||----w |
                ||     ||

changed: [18.153.206.82]
 ____________
< PLAY RECAP >
 ------------
        \   ^__^
         \  (oo)\_______
            (__)\       )\/\
                ||----w |
                ||     ||

18.153.206.82              : ok=7    changed=5    unreachable=0    failed=0    skipped=0    rescued=0    ignored=0   

