 ____________________________
< PLAY [Docker installieren] >
 ----------------------------
        \   ^__^
         \  (oo)\_______
            (__)\       )\/\
                ||----w |
                ||     ||

 ________________________
< TASK [Gathering Facts] >
 ------------------------
        \   ^__^
         \  (oo)\_______
            (__)\       )\/\
                ||----w |
                ||     ||

ok: [63.178.7.107]
 ___________________
< TASK [Update apt] >
 -------------------
        \   ^__^
         \  (oo)\_______
            (__)\       )\/\
                ||----w |
                ||     ||

changed: [63.178.7.107]
 _________________________________________________________
/ TASK [Docker installieren und Benutzer zu docker-Gruppe \
\ hinzufügen]                                             /
 ---------------------------------------------------------
        \   ^__^
         \  (oo)\_______
            (__)\       )\/\
                ||----w |
                ||     ||

included: /home/marcus/devOps/kaiwa-next-level/ansible/tasks/docker_setup.yml for 63.178.7.107
 _________________________________
< TASK [Update APT package index] >
 ---------------------------------
        \   ^__^
         \  (oo)\_______
            (__)\       )\/\
                ||----w |
                ||     ||

changed: [63.178.7.107]
 __________________________________
< TASK [Install required packages] >
 ----------------------------------
        \   ^__^
         \  (oo)\_______
            (__)\       )\/\
                ||----w |
                ||     ||

ok: [63.178.7.107]
 ________________________________________
< TASK [Create Docker GPG key directory] >
 ----------------------------------------
        \   ^__^
         \  (oo)\_______
            (__)\       )\/\
                ||----w |
                ||     ||

changed: [63.178.7.107]
 ________________________________
< TASK [Download Docker GPG key] >
 --------------------------------
        \   ^__^
         \  (oo)\_______
            (__)\       )\/\
                ||----w |
                ||     ||

[WARNING]: Module remote_tmp /root/.ansible/tmp did not exist and was created
with a mode of 0700, this may cause issues when running as another user. To
avoid this, create the remote_tmp dir with the correct permissions manually
changed: [63.178.7.107]
 ______________________________________________________
< TASK [Ensure Docker GPG key has correct permissions] >
 ------------------------------------------------------
        \   ^__^
         \  (oo)\_______
            (__)\       )\/\
                ||----w |
                ||     ||

ok: [63.178.7.107]
 ______________________________
< TASK [Add Docker repository] >
 ------------------------------
        \   ^__^
         \  (oo)\_______
            (__)\       )\/\
                ||----w |
                ||     ||

changed: [63.178.7.107]
 _______________________________________
< TASK [Update APT package index again] >
 ---------------------------------------
        \   ^__^
         \  (oo)\_______
            (__)\       )\/\
                ||----w |
                ||     ||

changed: [63.178.7.107]
 ________________________________
< TASK [Install Docker packages] >
 --------------------------------
        \   ^__^
         \  (oo)\_______
            (__)\       )\/\
                ||----w |
                ||     ||

changed: [63.178.7.107]
 ________________________________________
< TASK [Start and enable Docker service] >
 ----------------------------------------
        \   ^__^
         \  (oo)\_______
            (__)\       )\/\
                ||----w |
                ||     ||

ok: [63.178.7.107]
 __________________________________
< TASK [Add users to docker group] >
 ----------------------------------
        \   ^__^
         \  (oo)\_______
            (__)\       )\/\
                ||----w |
                ||     ||

changed: [63.178.7.107] => (item=ubuntu)
changed: [63.178.7.107] => (item=jenkins)
 ____________
< PLAY RECAP >
 ------------
        \   ^__^
         \  (oo)\_______
            (__)\       )\/\
                ||----w |
                ||     ||

63.178.7.107               : ok=13   changed=8    unreachable=0    failed=0    skipped=0    rescued=0    ignored=0   

