 ___________________________________________________
< PLAY [Jenkins Docker Node mit Java konfigurieren] >
 ---------------------------------------------------
        \   ^__^
         \  (oo)\_______
            (__)\       )\/\
                ||----w |
                ||     ||

 ________________________
< TASK [Gathering Facts] >
 ------------------------
        \   ^__^
         \  (oo)\_______
            (__)\       )\/\
                ||----w |
                ||     ||

ok: [3.79.97.68]
 _________________________________
< TASK [Update apt package index] >
 ---------------------------------
        \   ^__^
         \  (oo)\_______
            (__)\       )\/\
                ||----w |
                ||     ||

changed: [3.79.97.68]
 ____________________________
< TASK [Docker installieren] >
 ----------------------------
        \   ^__^
         \  (oo)\_______
            (__)\       )\/\
                ||----w |
                ||     ||

included: /home/marcus/devOps/kaiwa-next-level/ansible/tasks/docker_setup.yml for 3.79.97.68
 _________________________________
< TASK [Update APT package index] >
 ---------------------------------
        \   ^__^
         \  (oo)\_______
            (__)\       )\/\
                ||----w |
                ||     ||

changed: [3.79.97.68]
 __________________________________
< TASK [Install required packages] >
 ----------------------------------
        \   ^__^
         \  (oo)\_______
            (__)\       )\/\
                ||----w |
                ||     ||

ok: [3.79.97.68]
 ________________________________________
< TASK [Create Docker GPG key directory] >
 ----------------------------------------
        \   ^__^
         \  (oo)\_______
            (__)\       )\/\
                ||----w |
                ||     ||

changed: [3.79.97.68]
 ________________________________
< TASK [Download Docker GPG key] >
 --------------------------------
        \   ^__^
         \  (oo)\_______
            (__)\       )\/\
                ||----w |
                ||     ||

[WARNING]: Module remote_tmp /root/.ansible/tmp did not exist and was created
with a mode of 0700, this may cause issues when running as another user. To
avoid this, create the remote_tmp dir with the correct permissions manually
changed: [3.79.97.68]
 ______________________________________________________
< TASK [Ensure Docker GPG key has correct permissions] >
 ------------------------------------------------------
        \   ^__^
         \  (oo)\_______
            (__)\       )\/\
                ||----w |
                ||     ||

ok: [3.79.97.68]
 ______________________________
< TASK [Add Docker repository] >
 ------------------------------
        \   ^__^
         \  (oo)\_______
            (__)\       )\/\
                ||----w |
                ||     ||

changed: [3.79.97.68]
 _______________________________________
< TASK [Update APT package index again] >
 ---------------------------------------
        \   ^__^
         \  (oo)\_______
            (__)\       )\/\
                ||----w |
                ||     ||

changed: [3.79.97.68]
 ________________________________
< TASK [Install Docker packages] >
 --------------------------------
        \   ^__^
         \  (oo)\_______
            (__)\       )\/\
                ||----w |
                ||     ||

changed: [3.79.97.68]
 ________________________________________
< TASK [Start and enable Docker service] >
 ----------------------------------------
        \   ^__^
         \  (oo)\_______
            (__)\       )\/\
                ||----w |
                ||     ||

ok: [3.79.97.68]
 __________________________________
< TASK [Add users to docker group] >
 ----------------------------------
        \   ^__^
         \  (oo)\_______
            (__)\       )\/\
                ||----w |
                ||     ||

skipping: [3.79.97.68]
 ___________________________
< TASK [Install OpenJDK 17] >
 ---------------------------
        \   ^__^
         \  (oo)\_______
            (__)\       )\/\
                ||----w |
                ||     ||

changed: [3.79.97.68]
 ____________
< PLAY RECAP >
 ------------
        \   ^__^
         \  (oo)\_______
            (__)\       )\/\
                ||----w |
                ||     ||

3.79.97.68                 : ok=13   changed=8    unreachable=0    failed=0    skipped=1    rescued=0    ignored=0   

