 _______________________________________________
< PLAY [Jenkins installieren und konfigurieren] >
 -----------------------------------------------
        \   ^__^
         \  (oo)\_______
            (__)\       )\/\
                ||----w |
                ||     ||

 ________________________
< TASK [Gathering Facts] >
 ------------------------
        \   ^__^
         \  (oo)\_______
            (__)\       )\/\
                ||----w |
                ||     ||

ok: [3.67.134.200]
 ___________________
< TASK [Update apt] >
 -------------------
        \   ^__^
         \  (oo)\_______
            (__)\       )\/\
                ||----w |
                ||     ||

changed: [3.67.134.200]
 ____________________________________________________________
/ TASK [geerlingguy.java : Include OS-specific variables for \
\ Fedora or FreeBSD.]                                        /
 ------------------------------------------------------------
        \   ^__^
         \  (oo)\_______
            (__)\       )\/\
                ||----w |
                ||     ||

skipping: [3.67.134.200]
 ____________________________________________________________
/ TASK [geerlingguy.java : Include OS-specific variables for \
\ Amazon.]                                                   /
 ------------------------------------------------------------
        \   ^__^
         \  (oo)\_______
            (__)\       )\/\
                ||----w |
                ||     ||

skipping: [3.67.134.200]
 _____________________________________________________________
/ TASK [geerlingguy.java : Include version-specific variables \
\ for CentOS/RHEL.]                                           /
 -------------------------------------------------------------
        \   ^__^
         \  (oo)\_______
            (__)\       )\/\
                ||----w |
                ||     ||

skipping: [3.67.134.200]
 _____________________________________________________________
/ TASK [geerlingguy.java : Include version-specific variables \
\ for Ubuntu.]                                                /
 -------------------------------------------------------------
        \   ^__^
         \  (oo)\_______
            (__)\       )\/\
                ||----w |
                ||     ||

ok: [3.67.134.200]
 _____________________________________________________________
/ TASK [geerlingguy.java : Include version-specific variables \
\ for Debian.]                                                /
 -------------------------------------------------------------
        \   ^__^
         \  (oo)\_______
            (__)\       )\/\
                ||----w |
                ||     ||

ok: [3.67.134.200]
 _________________________________________________
< TASK [geerlingguy.java : Define java_packages.] >
 -------------------------------------------------
        \   ^__^
         \  (oo)\_______
            (__)\       )\/\
                ||----w |
                ||     ||

skipping: [3.67.134.200]
 _________________________________________
< TASK [geerlingguy.java : include_tasks] >
 -----------------------------------------
        \   ^__^
         \  (oo)\_______
            (__)\       )\/\
                ||----w |
                ||     ||

skipping: [3.67.134.200]
 _________________________________________
< TASK [geerlingguy.java : include_tasks] >
 -----------------------------------------
        \   ^__^
         \  (oo)\_______
            (__)\       )\/\
                ||----w |
                ||     ||

skipping: [3.67.134.200]
 _________________________________________
< TASK [geerlingguy.java : include_tasks] >
 -----------------------------------------
        \   ^__^
         \  (oo)\_______
            (__)\       )\/\
                ||----w |
                ||     ||

included: /home/marcus/.ansible/roles/geerlingguy.java/tasks/setup-Debian.yml for 3.67.134.200
 __________________________________________________________
< TASK [geerlingguy.java : Ensure 'man' directory exists.] >
 ----------------------------------------------------------
        \   ^__^
         \  (oo)\_______
            (__)\       )\/\
                ||----w |
                ||     ||

ok: [3.67.134.200]
 _____________________________________________________
< TASK [geerlingguy.java : Ensure Java is installed.] >
 -----------------------------------------------------
        \   ^__^
         \  (oo)\_______
            (__)\       )\/\
                ||----w |
                ||     ||

changed: [3.67.134.200]
 _________________________________________
< TASK [geerlingguy.java : include_tasks] >
 -----------------------------------------
        \   ^__^
         \  (oo)\_______
            (__)\       )\/\
                ||----w |
                ||     ||

skipping: [3.67.134.200]
 ________________________________________________________
< TASK [geerlingguy.java : Set JAVA_HOME if configured.] >
 --------------------------------------------------------
        \   ^__^
         \  (oo)\_______
            (__)\       )\/\
                ||----w |
                ||     ||

skipping: [3.67.134.200]
 ____________________________________________________________
< TASK [geerlingguy.jenkins : Include OS-Specific variables] >
 ------------------------------------------------------------
        \   ^__^
         \  (oo)\_______
            (__)\       )\/\
                ||----w |
                ||     ||

ok: [3.67.134.200]
 ______________________________________________________
< TASK [geerlingguy.jenkins : Define jenkins_repo_url] >
 ------------------------------------------------------
        \   ^__^
         \  (oo)\_______
            (__)\       )\/\
                ||----w |
                ||     ||

ok: [3.67.134.200]
 __________________________________________________________
< TASK [geerlingguy.jenkins : Define jenkins_repo_key_url] >
 ----------------------------------------------------------
        \   ^__^
         \  (oo)\_______
            (__)\       )\/\
                ||----w |
                ||     ||

ok: [3.67.134.200]
 _____________________________________________________
< TASK [geerlingguy.jenkins : Define jenkins_pkg_url] >
 -----------------------------------------------------
        \   ^__^
         \  (oo)\_______
            (__)\       )\/\
                ||----w |
                ||     ||

ok: [3.67.134.200]
 ____________________________________________
< TASK [geerlingguy.jenkins : include_tasks] >
 --------------------------------------------
        \   ^__^
         \  (oo)\_______
            (__)\       )\/\
                ||----w |
                ||     ||

skipping: [3.67.134.200]
 ____________________________________________
< TASK [geerlingguy.jenkins : include_tasks] >
 --------------------------------------------
        \   ^__^
         \  (oo)\_______
            (__)\       )\/\
                ||----w |
                ||     ||

included: /home/marcus/.ansible/roles/geerlingguy.jenkins/tasks/setup-Debian.yml for 3.67.134.200
 _____________________________________________________
/ TASK [geerlingguy.jenkins : Ensure dependencies are \
\ installed.]                                         /
 -----------------------------------------------------
        \   ^__^
         \  (oo)\_______
            (__)\       )\/\
                ||----w |
                ||     ||

changed: [3.67.134.200]
 ________________________________________________________
/ TASK [geerlingguy.jenkins : Add Jenkins apt repository \
\ key.]                                                  /
 --------------------------------------------------------
        \   ^__^
         \  (oo)\_______
            (__)\       )\/\
                ||----w |
                ||     ||

[WARNING]: Module remote_tmp /root/.ansible/tmp did not exist and was created
with a mode of 0700, this may cause issues when running as another user. To
avoid this, create the remote_tmp dir with the correct permissions manually
changed: [3.67.134.200]
 __________________________________________________________
< TASK [geerlingguy.jenkins : Add Jenkins apt repository.] >
 ----------------------------------------------------------
        \   ^__^
         \  (oo)\_______
            (__)\       )\/\
                ||----w |
                ||     ||

changed: [3.67.134.200]
 _______________________________________________________
/ TASK [geerlingguy.jenkins : Download specific Jenkins \
\ version.]                                             /
 -------------------------------------------------------
        \   ^__^
         \  (oo)\_______
            (__)\       )\/\
                ||----w |
                ||     ||

skipping: [3.67.134.200]
 ______________________________________________________
/ TASK [geerlingguy.jenkins : Check if we downloaded a \
\ specific version of Jenkins.]                        /
 ------------------------------------------------------
        \   ^__^
         \  (oo)\_______
            (__)\       )\/\
                ||----w |
                ||     ||

skipping: [3.67.134.200]
 _____________________________________________________________
/ TASK [geerlingguy.jenkins : Install our specific version of \
\ Jenkins.]                                                   /
 -------------------------------------------------------------
        \   ^__^
         \  (oo)\_______
            (__)\       )\/\
                ||----w |
                ||     ||

skipping: [3.67.134.200]
 ___________________________________________________________
< TASK [geerlingguy.jenkins : Ensure Jenkins is installed.] >
 -----------------------------------------------------------
        \   ^__^
         \  (oo)\_______
            (__)\       )\/\
                ||----w |
                ||     ||

changed: [3.67.134.200]
 ____________________________________________
< TASK [geerlingguy.jenkins : include_tasks] >
 --------------------------------------------
        \   ^__^
         \  (oo)\_______
            (__)\       )\/\
                ||----w |
                ||     ||

included: /home/marcus/.ansible/roles/geerlingguy.jenkins/tasks/settings.yml for 3.67.134.200
 __________________________________________________________
/ TASK [geerlingguy.jenkins : Check if jenkins_init_folder \
\ exists.]                                                 /
 ----------------------------------------------------------
        \   ^__^
         \  (oo)\_______
            (__)\       )\/\
                ||----w |
                ||     ||

ok: [3.67.134.200]
 ________________________________________________________
/ TASK [geerlingguy.jenkins : Ensure jenkins_init_folder \
\ exists.]                                               /
 --------------------------------------------------------
        \   ^__^
         \  (oo)\_______
            (__)\       )\/\
                ||----w |
                ||     ||

changed: [3.67.134.200]
 ________________________________________________________
/ TASK [geerlingguy.jenkins : Check if jenkins_init_file \
\ exists.]                                               /
 --------------------------------------------------------
        \   ^__^
         \  (oo)\_______
            (__)\       )\/\
                ||----w |
                ||     ||

ok: [3.67.134.200]
 ______________________________________________________
/ TASK [geerlingguy.jenkins : Ensure jenkins_init_file \
\ exists.]                                             /
 ------------------------------------------------------
        \   ^__^
         \  (oo)\_______
            (__)\       )\/\
                ||----w |
                ||     ||

changed: [3.67.134.200]
 _____________________________________________________________
/ TASK [geerlingguy.jenkins : Populate jenkins_init_file with \
\ service tag.]                                               /
 -------------------------------------------------------------
        \   ^__^
         \  (oo)\_______
            (__)\       )\/\
                ||----w |
                ||     ||

changed: [3.67.134.200]
 _____________________________________________________________
< TASK [geerlingguy.jenkins : Modify variables in init file.] >
 -------------------------------------------------------------
        \   ^__^
         \  (oo)\_______
            (__)\       )\/\
                ||----w |
                ||     ||

changed: [3.67.134.200] => (item={'option': 'JENKINS_OPTS', 'value': ''})
changed: [3.67.134.200] => (item={'option': 'JAVA_OPTS', 'value': '-Djenkins.install.runSetupWizard=false'})
changed: [3.67.134.200] => (item={'option': 'JENKINS_HOME', 'value': '/var/lib/jenkins'})
changed: [3.67.134.200] => (item={'option': 'JENKINS_PREFIX', 'value': ''})
changed: [3.67.134.200] => (item={'option': 'JENKINS_PORT', 'value': 8080})
 _________________________________________________
/ TASK [geerlingguy.jenkins : Ensure jenkins_home \
\ /var/lib/jenkins exists.]                       /
 -------------------------------------------------
        \   ^__^
         \  (oo)\_______
            (__)\       )\/\
                ||----w |
                ||     ||

ok: [3.67.134.200]
 ____________________________________________________________
/ TASK [geerlingguy.jenkins : Immediately restart Jenkins on \
\ init config changes.]                                      /
 ------------------------------------------------------------
        \   ^__^
         \  (oo)\_______
            (__)\       )\/\
                ||----w |
                ||     ||

changed: [3.67.134.200]
 ________________________________________________________
/ TASK [geerlingguy.jenkins : Create custom init scripts \
\ directory.]                                            /
 --------------------------------------------------------
        \   ^__^
         \  (oo)\_______
            (__)\       )\/\
                ||----w |
                ||     ||

changed: [3.67.134.200]
 ________________________________________________________
/ TASK [geerlingguy.jenkins : Configure proxy config for \
\ Jenkins]                                               /
 --------------------------------------------------------
        \   ^__^
         \  (oo)\_______
            (__)\       )\/\
                ||----w |
                ||     ||

skipping: [3.67.134.200]
 _____________________________________________________________
/ TASK [geerlingguy.jenkins : Trigger handlers immediately in \
\ case Jenkins was installed]                                 /
 -------------------------------------------------------------
        \   ^__^
         \  (oo)\_______
            (__)\       )\/\
                ||----w |
                ||     ||

 __________________________________________________________
/ RUNNING HANDLER [geerlingguy.jenkins : configure default \
\ users]                                                   /
 ----------------------------------------------------------
        \   ^__^
         \  (oo)\_______
            (__)\       )\/\
                ||----w |
                ||     ||

changed: [3.67.134.200]
 ____________________________________________________________
/ TASK [geerlingguy.jenkins : Immediately restart Jenkins on \
\ http or user changes.]                                     /
 ------------------------------------------------------------
        \   ^__^
         \  (oo)\_______
            (__)\       )\/\
                ||----w |
                ||     ||

changed: [3.67.134.200]
 ___________________________________________________________
/ TASK [geerlingguy.jenkins : Ensure Jenkins is started and \
\ runs on startup.]                                         /
 -----------------------------------------------------------
        \   ^__^
         \  (oo)\_______
            (__)\       )\/\
                ||----w |
                ||     ||

ok: [3.67.134.200]
 __________________________________________________________
/ TASK [geerlingguy.jenkins : Wait for Jenkins to start up \
\ before proceeding.]                                      /
 ----------------------------------------------------------
        \   ^__^
         \  (oo)\_______
            (__)\       )\/\
                ||----w |
                ||     ||

ok: [3.67.134.200]
 _________________________________________________________
/ TASK [geerlingguy.jenkins : Get the jenkins-cli jarfile \
\ from the Jenkins server.]                               /
 ---------------------------------------------------------
        \   ^__^
         \  (oo)\_______
            (__)\       )\/\
                ||----w |
                ||     ||

changed: [3.67.134.200]
 __________________________________________________________
/ TASK [geerlingguy.jenkins : Remove Jenkins security init \
\ scripts after first startup.]                            /
 ----------------------------------------------------------
        \   ^__^
         \  (oo)\_______
            (__)\       )\/\
                ||----w |
                ||     ||

changed: [3.67.134.200]
 ____________________________________________
< TASK [geerlingguy.jenkins : include_tasks] >
 --------------------------------------------
        \   ^__^
         \  (oo)\_______
            (__)\       )\/\
                ||----w |
                ||     ||

included: /home/marcus/.ansible/roles/geerlingguy.jenkins/tasks/plugins.yml for 3.67.134.200
 _____________________________________________________________
/ TASK [geerlingguy.jenkins : Get Jenkins admin password from \
\ file.]                                                      /
 -------------------------------------------------------------
        \   ^__^
         \  (oo)\_______
            (__)\       )\/\
                ||----w |
                ||     ||

skipping: [3.67.134.200]
 ________________________________________________________
/ TASK [geerlingguy.jenkins : Set Jenkins admin password \
\ fact.]                                                 /
 --------------------------------------------------------
        \   ^__^
         \  (oo)\_______
            (__)\       )\/\
                ||----w |
                ||     ||

ok: [3.67.134.200]
 ____________________________________________________
/ TASK [geerlingguy.jenkins : Create Jenkins updates \
\ directory.]                                        /
 ----------------------------------------------------
        \   ^__^
         \  (oo)\_______
            (__)\       )\/\
                ||----w |
                ||     ||

ok: [3.67.134.200]
 _____________________________________________________________
/ TASK [geerlingguy.jenkins : Download current plugin updates \
\ from Jenkins update site.]                                  /
 -------------------------------------------------------------
        \   ^__^
         \  (oo)\_______
            (__)\       )\/\
                ||----w |
                ||     ||

ok: [3.67.134.200]
 _____________________________________________________________
/ TASK [geerlingguy.jenkins : Remove first and last line from \
\ json file.]                                                 /
 -------------------------------------------------------------
        \   ^__^
         \  (oo)\_______
            (__)\       )\/\
                ||----w |
                ||     ||

ok: [3.67.134.200]
 ___________________________________________________________
/ TASK [geerlingguy.jenkins : Install Jenkins plugins using \
\ password.]                                                /
 -----------------------------------------------------------
        \   ^__^
         \  (oo)\_______
            (__)\       )\/\
                ||----w |
                ||     ||

changed: [3.67.134.200] => (item=workflow-aggregator)
changed: [3.67.134.200] => (item=pipeline-stage-view)
changed: [3.67.134.200] => (item=ssh-agent)
changed: [3.67.134.200] => (item=github)
changed: [3.67.134.200] => (item=nodejs)
 ______________________________________________________
< TASK [Warten, bis Jenkins vollständig gestartet ist] >
 ------------------------------------------------------
        \   ^__^
         \  (oo)\_______
            (__)\       )\/\
                ||----w |
                ||     ||

ok: [3.67.134.200]
 __________________________________
< TASK [Jenkins CLI herunterladen] >
 ----------------------------------
        \   ^__^
         \  (oo)\_______
            (__)\       )\/\
                ||----w |
                ||     ||

changed: [3.67.134.200]
 __________________________________________________
/ TASK [NodeJS-Plugin konfigurieren (NodeJS 23.8.0 \
\ installieren)]                                   /
 --------------------------------------------------
        \   ^__^
         \  (oo)\_______
            (__)\       )\/\
                ||----w |
                ||     ||

changed: [3.67.134.200]
 ___________________________
< TASK [Starte Jenkins neu] >
 ---------------------------
        \   ^__^
         \  (oo)\_______
            (__)\       )\/\
                ||----w |
                ||     ||

changed: [3.67.134.200]
 __________________________________________________
< TASK [Füge SSH-Private-Key als Credential hinzu] >
 --------------------------------------------------
        \   ^__^
         \  (oo)\_______
            (__)\       )\/\
                ||----w |
                ||     ||

changed: [3.67.134.200]
 ______________________________________________
< TASK [Erstelle Pipeline-Job mit Jenkins CLI] >
 ----------------------------------------------
        \   ^__^
         \  (oo)\_______
            (__)\       )\/\
                ||----w |
                ||     ||

changed: [3.67.134.200]
 ___________________________________
< RUNNING HANDLER [restart jenkins] >
 -----------------------------------
        \   ^__^
         \  (oo)\_______
            (__)\       )\/\
                ||----w |
                ||     ||

changed: [3.67.134.200]
 ____________
< PLAY RECAP >
 ------------
        \   ^__^
         \  (oo)\_______
            (__)\       )\/\
                ||----w |
                ||     ||

3.67.134.200               : ok=45   changed=23   unreachable=0    failed=0    skipped=14   rescued=0    ignored=0   

